0 info it worked if it ends with ok
1 verbose cli [ 'node', '/usr/local/bin/npm', 'install', 'boostrap', '--save' ]
2 info using npm@2.9.1
3 info using node@v0.12.3
4 verbose install initial load of /Users/Josh/Desktop/greatReviews/package.json
5 verbose installManyTop reading scoped package data from /Users/Josh/Desktop/greatReviews/node_modules/express/package.json
6 verbose installManyTop reading scoped package data from /Users/Josh/Desktop/greatReviews/node_modules/http/package.json
7 verbose installManyTop reading scoped package data from /Users/Josh/Desktop/greatReviews/node_modules/mongoose/package.json
8 warn package.json http@0.0.0 http is also the name of a node core module.
9 warn package.json http@0.0.0 No description
10 warn package.json http@0.0.0 No repository field.
11 warn package.json http@0.0.0 No README data
12 verbose readDependencies loading dependencies from /Users/Josh/Desktop/greatReviews/package.json
13 silly cache add args [ 'boostrap', null ]
14 verbose cache add spec boostrap
15 silly cache add parsed spec { raw: 'boostrap',
15 silly cache add   scope: null,
15 silly cache add   name: 'boostrap',
15 silly cache add   rawSpec: '',
15 silly cache add   spec: '*',
15 silly cache add   type: 'range' }
16 silly addNamed boostrap@*
17 verbose addNamed "*" is a valid semver range for boostrap
18 silly addNameRange { name: 'boostrap', range: '*', hasData: false }
19 silly mapToRegistry name boostrap
20 silly mapToRegistry using default registry
21 silly mapToRegistry registry https://registry.npmjs.org/
22 silly mapToRegistry uri https://registry.npmjs.org/boostrap
23 verbose addNameRange registry:https://registry.npmjs.org/boostrap not in flight; fetching
24 verbose request uri https://registry.npmjs.org/boostrap
25 verbose request no auth needed
26 info attempt registry request try #1 at 2:00:46 PM
27 verbose request using bearer token for auth
28 verbose request id 17e7d3b699bbfa30
29 http request GET https://registry.npmjs.org/boostrap
30 http 404 https://registry.npmjs.org/boostrap
31 verbose headers { server: 'CouchDB/1.5.0 (Erlang OTP/R16B03)',
31 verbose headers   'content-type': 'application/json',
31 verbose headers   'cache-control': 'max-age=0',
31 verbose headers   'content-length': '51',
31 verbose headers   'accept-ranges': 'bytes',
31 verbose headers   date: 'Tue, 14 Jul 2015 13:00:47 GMT',
31 verbose headers   via: '1.1 varnish',
31 verbose headers   connection: 'keep-alive',
31 verbose headers   'x-served-by': 'cache-lcy1134-LCY',
31 verbose headers   'x-cache': 'MISS',
31 verbose headers   'x-cache-hits': '0',
31 verbose headers   'x-timer': 'S1436878847.857715,VS0,VE99' }
32 silly get cb [ 404,
32 silly get   { server: 'CouchDB/1.5.0 (Erlang OTP/R16B03)',
32 silly get     'content-type': 'application/json',
32 silly get     'cache-control': 'max-age=0',
32 silly get     'content-length': '51',
32 silly get     'accept-ranges': 'bytes',
32 silly get     date: 'Tue, 14 Jul 2015 13:00:47 GMT',
32 silly get     via: '1.1 varnish',
32 silly get     connection: 'keep-alive',
32 silly get     'x-served-by': 'cache-lcy1134-LCY',
32 silly get     'x-cache': 'MISS',
32 silly get     'x-cache-hits': '0',
32 silly get     'x-timer': 'S1436878847.857715,VS0,VE99' } ]
33 verbose stack Error: 404 Not Found: boostrap
33 verbose stack     at CachingRegistryClient.<anonymous> (/usr/local/lib/node_modules/npm/node_modules/npm-registry-client/lib/request.js:245:14)
33 verbose stack     at Request._callback (/usr/local/lib/node_modules/npm/node_modules/npm-registry-client/lib/request.js:170:14)
33 verbose stack     at Request.self.callback (/usr/local/lib/node_modules/npm/node_modules/request/request.js:368:22)
33 verbose stack     at Request.emit (events.js:110:17)
33 verbose stack     at Request.<anonymous> (/usr/local/lib/node_modules/npm/node_modules/request/request.js:1219:14)
33 verbose stack     at Request.emit (events.js:129:20)
33 verbose stack     at IncomingMessage.<anonymous> (/usr/local/lib/node_modules/npm/node_modules/request/request.js:1167:12)
33 verbose stack     at IncomingMessage.emit (events.js:129:20)
33 verbose stack     at _stream_readable.js:908:16
33 verbose stack     at process._tickCallback (node.js:355:11)
34 verbose statusCode 404
35 verbose pkgid boostrap
36 verbose cwd /Users/Josh/Desktop/greatReviews
37 error Darwin 14.3.0
38 error argv "node" "/usr/local/bin/npm" "install" "boostrap" "--save"
39 error node v0.12.3
40 error npm  v2.9.1
41 error code E404
42 error 404 Not Found: boostrap
42 error 404
42 error 404 'boostrap' is not in the npm registry.
42 error 404 You should bug the author to publish it (or use the name yourself!)
42 error 404 It was specified as a dependency of 'greatreviews'
42 error 404
42 error 404 Note that you can also install from a
42 error 404 tarball, folder, http url, or git url.
43 verbose exit [ 1, true ]
