Arguments: 
  /usr/local/Cellar/node/7.4.0/bin/node /usr/local/bin/yarn add --dev --exact react-scripts

PATH: 
  /Users/josh/.rvm/gems/ruby-2.2.4/bin:/Users/josh/.rvm/gems/ruby-2.2.4@global/bin:/Users/josh/.rvm/rubies/ruby-2.2.4/bin:/Users/josh/Library/Android/sdk/tools:/Users/josh/Library/Android/sdk/platform-tools:/Library/Frameworks/Python.framework/Versions/3.4/bin:/Users/josh/desktop/chromedriver:/usr/local/bin:/usr/bin:/bin:/usr/sbin:/sbin:/Users/josh/.rvm/bin

Yarn version: 
  0.19.1

Node version: 
  7.4.0

Platform: 
  darwin x64

npm manifest: 
  {
    "name": "blog",
    "version": "0.1.0",
    "private": true
  }

yarn manifest: 
  No manifest

Lockfile: 
  No lockfile

Trace: 
  Error: getaddrinfo ENOTFOUND registry.yarnpkg.com registry.yarnpkg.com:443
      at errnoException (dns.js:28:10)
      at GetAddrInfoReqWrap.onlookup [as oncomplete] (dns.js:76:26)
